{"C:\\Users\\Dell\\Desktop\\Capstone-Project2\\src\\sum.js": {"path":"C:\\Users\\Dell\\Desktop\\Capstone-Project2\\src\\sum.js","statementMap":{"0":{"start":{"line":1,"column":20},"end":{"line":4,"column":1}},"1":{"start":{"line":2,"column":16},"end":{"line":2,"column":59}},"2":{"start":{"line":3,"column":2},"end":{"line":3,"column":22}}},"fnMap":{"0":{"name":"(anonymous_0)","decl":{"start":{"line":1,"column":20},"end":{"line":1,"column":21}},"loc":{"start":{"line":1,"column":26},"end":{"line":4,"column":1}},"line":1}},"branchMap":{},"s":{"0":1,"1":5,"2":5},"f":{"0":5},"b":{},"_coverageSchema":"1a1c01bbd47fc00a2c39e90264f33305004495a9","hash":"7b71c456be75cb08a6afca1f83243525300af250"}
,"C:\\Users\\Dell\\Desktop\\Capstone-Project2\\src\\modules\\commentsCounter.js": {"path":"C:\\Users\\Dell\\Desktop\\Capstone-Project2\\src\\modules\\commentsCounter.js","statementMap":{"0":{"start":{"line":1,"column":23},"end":{"line":4,"column":1}},"1":{"start":{"line":2,"column":18},"end":{"line":2,"column":68}},"2":{"start":{"line":3,"column":2},"end":{"line":3,"column":24}}},"fnMap":{"0":{"name":"(anonymous_0)","decl":{"start":{"line":1,"column":23},"end":{"line":1,"column":24}},"loc":{"start":{"line":1,"column":29},"end":{"line":4,"column":1}},"line":1}},"branchMap":{},"s":{"0":1,"1":4,"2":4},"f":{"0":4},"b":{},"_coverageSchema":"1a1c01bbd47fc00a2c39e90264f33305004495a9","hash":"a71a30ddaeda969e931e7121fc83566bdfa93ec4"}
}
